2017-01-23 09:32:43,129 INFO [org.springframework.web.context.ContextLoader] - <Root WebApplicationContext: initialization started>
2017-01-23 09:32:43,283 INFO [org.springframework.web.context.support.XmlWebApplicationContext] - <Refreshing Root WebApplicationContext: startup date [Mon Jan 23 09:32:43 CST 2017]; root of context hierarchy>
2017-01-23 09:32:43,339 INFO [org.springframework.beans.factory.xml.XmlBeanDefinitionReader] - <Loading XML bean definitions from class path resource [spring/applicationContext-main.xml]>
2017-01-23 09:32:43,516 INFO [org.springframework.beans.factory.xml.XmlBeanDefinitionReader] - <Loading XML bean definitions from class path resource [spring/applicationContext-service.xml]>
2017-01-23 09:32:44,191 INFO [org.springframework.beans.factory.xml.XmlBeanDefinitionReader] - <Loading XML bean definitions from URL [jar:file:/Users/xiaofengfu/maven_repos/com/cqliving/cqliving-basic/1.0.0-SNAPSHOT/cqliving-basic-1.0.0-SNAPSHOT.jar!/spring/applicationContext-basic-profiles.xml]>
2017-01-23 09:32:44,221 INFO [org.springframework.beans.factory.xml.XmlBeanDefinitionReader] - <Loading XML bean definitions from URL [jar:file:/Users/xiaofengfu/maven_repos/com/cqliving/cqliving-basic/1.0.0-SNAPSHOT/cqliving-basic-1.0.0-SNAPSHOT.jar!/spring/applicationContext-basic-service.xml]>
2017-01-23 09:32:44,233 INFO [org.springframework.beans.factory.xml.XmlBeanDefinitionReader] - <Loading XML bean definitions from URL [jar:file:/Users/xiaofengfu/maven_repos/com/cqliving/cqliving-basic/1.0.0-SNAPSHOT/cqliving-basic-1.0.0-SNAPSHOT.jar!/spring/applicationContext-basic-jpa.xml]>
2017-01-23 09:32:44,322 INFO [org.springframework.beans.factory.xml.XmlBeanDefinitionReader] - <Loading XML bean definitions from URL [jar:file:/Users/xiaofengfu/maven_repos/com/cqliving/cqliving-log/1.0.0-SNAPSHOT/cqliving-log-1.0.0-SNAPSHOT.jar!/spring/applicationContext-log-profiles.xml]>
2017-01-23 09:32:44,351 INFO [org.springframework.beans.factory.xml.XmlBeanDefinitionReader] - <Loading XML bean definitions from URL [jar:file:/Users/xiaofengfu/maven_repos/com/cqliving/cqliving-log/1.0.0-SNAPSHOT/cqliving-log-1.0.0-SNAPSHOT.jar!/spring/applicationContext-log-jpa.xml]>
2017-01-23 09:32:44,404 INFO [org.springframework.beans.factory.xml.XmlBeanDefinitionReader] - <Loading XML bean definitions from URL [file:/Users/xiaofengfu/Documents/workspace/cqliving-online/target/classes/spring/applicationContext-online-profiles.xml]>
2017-01-23 09:32:44,438 INFO [org.springframework.beans.factory.xml.XmlBeanDefinitionReader] - <Loading XML bean definitions from URL [file:/Users/xiaofengfu/Documents/workspace/cqliving-online/target/classes/spring/applicationContext-online-jpa.xml]>
2017-01-23 09:33:00,735 INFO [org.springframework.beans.factory.xml.XmlBeanDefinitionReader] - <Loading XML bean definitions from URL [file:/Users/xiaofengfu/Documents/workspace/cqliving-online/target/classes/spring/applicationContext-service-aop.xml]>
2017-01-23 09:33:00,763 INFO [org.springframework.beans.factory.xml.XmlBeanDefinitionReader] - <Loading XML bean definitions from URL [jar:file:/Users/xiaofengfu/maven_repos/com/cqliving/cqliving-redis/1.0.0-SNAPSHOT/cqliving-redis-1.0.0-SNAPSHOT.jar!/spring/applicationContext-cache.xml]>
2017-01-23 09:33:00,784 INFO [org.springframework.beans.factory.xml.XmlBeanDefinitionReader] - <Loading XML bean definitions from class path resource [spring/applicationContext-locale.xml]>
2017-01-23 09:33:00,795 INFO [org.springframework.beans.factory.xml.XmlBeanDefinitionReader] - <Loading XML bean definitions from class path resource [spring/applicationContext-log-aop.xml]>
2017-01-23 09:33:01,262 INFO [org.springframework.context.support.PropertySourcesPlaceholderConfigurer] - <Loading properties file from class path resource [application.development.properties]>
2017-01-23 09:33:01,275 INFO [org.springframework.context.support.PropertySourcesPlaceholderConfigurer] - <Loading properties file from class path resource [application.development.properties]>
2017-01-23 09:33:01,281 INFO [org.springframework.context.support.PropertySourcesPlaceholderConfigurer] - <Loading properties file from class path resource [application.development.properties]>
2017-01-23 09:33:01,285 INFO [org.springframework.context.support.PropertySourcesPlaceholderConfigurer] - <Loading properties file from class path resource [application.development.properties]>
2017-01-23 09:33:01,389 INFO [org.springframework.context.support.PostProcessorRegistrationDelegate$BeanPostProcessorChecker] - <Bean '(inner bean)#3abaebc9' of type [class org.springframework.aop.aspectj.AspectJAroundAdvice] is not eligible for getting processed by all BeanPostProcessors (for example: not eligible for auto-proxying)>
2017-01-23 09:33:01,530 INFO [org.springframework.context.support.PostProcessorRegistrationDelegate$BeanPostProcessorChecker] - <Bean 'org.springframework.aop.aspectj.AspectJPointcutAdvisor#0' of type [class org.springframework.aop.aspectj.AspectJPointcutAdvisor] is not eligible for getting processed by all BeanPostProcessors (for example: not eligible for auto-proxying)>
2017-01-23 09:33:01,554 INFO [org.springframework.context.support.PostProcessorRegistrationDelegate$BeanPostProcessorChecker] - <Bean '(inner bean)#140b5a08' of type [class org.springframework.aop.aspectj.AspectJAroundAdvice] is not eligible for getting processed by all BeanPostProcessors (for example: not eligible for auto-proxying)>
2017-01-23 09:33:01,576 INFO [org.springframework.context.support.PostProcessorRegistrationDelegate$BeanPostProcessorChecker] - <Bean 'org.springframework.aop.aspectj.AspectJPointcutAdvisor#1' of type [class org.springframework.aop.aspectj.AspectJPointcutAdvisor] is not eligible for getting processed by all BeanPostProcessors (for example: not eligible for auto-proxying)>
2017-01-23 09:33:01,585 INFO [org.springframework.context.support.PostProcessorRegistrationDelegate$BeanPostProcessorChecker] - <Bean 'org.springframework.transaction.annotation.AnnotationTransactionAttributeSource#0' of type [class org.springframework.transaction.annotation.AnnotationTransactionAttributeSource] is not eligible for getting processed by all BeanPostProcessors (for example: not eligible for auto-proxying)>
2017-01-23 09:33:01,706 INFO [org.springframework.context.support.PostProcessorRegistrationDelegate$BeanPostProcessorChecker] - <Bean 'org.springframework.transaction.config.internalTransactionAdvisor' of type [class org.springframework.transaction.interceptor.BeanFactoryTransactionAttributeSourceAdvisor] is not eligible for getting processed by all BeanPostProcessors (for example: not eligible for auto-proxying)>
2017-01-23 09:33:02,344 INFO [com.alibaba.druid.pool.DruidDataSource] - <{dataSource-1} inited>
2017-01-23 09:33:02,743 INFO [com.cqliving.framework.common.dao.jpa.FrameworkEntityManagerFactoryBean] - <Building JPA container EntityManagerFactory for persistence unit 'default'>
2017-01-23 09:33:02,872 INFO [org.hibernate.annotations.common.Version] - <HCANN000001: Hibernate Commons Annotations {4.0.1.Final}>
2017-01-23 09:33:02,880 INFO [org.hibernate.Version] - <HHH000412: Hibernate Core {4.1.7.Final}>
2017-01-23 09:33:02,884 INFO [org.hibernate.cfg.Environment] - <HHH000206: hibernate.properties not found>
2017-01-23 09:33:02,886 INFO [org.hibernate.cfg.Environment] - <HHH000021: Bytecode provider name : javassist>
2017-01-23 09:33:02,906 INFO [org.hibernate.ejb.Ejb3Configuration] - <HHH000204: Processing PersistenceUnitInfo [
	name: default
	...]>
2017-01-23 09:33:03,103 INFO [org.hibernate.service.jdbc.connections.internal.ConnectionProviderInitiator] - <HHH000130: Instantiating explicit connection provider: org.hibernate.ejb.connection.InjectedDataSourceConnectionProvider>
2017-01-23 09:33:03,254 INFO [org.hibernate.dialect.Dialect] - <HHH000400: Using dialect: org.hibernate.dialect.MySQL5InnoDBDialect>
2017-01-23 09:33:03,276 INFO [org.hibernate.engine.transaction.internal.TransactionFactoryInitiator] - <HHH000268: Transaction strategy: org.hibernate.engine.transaction.internal.jdbc.JdbcTransactionFactory>
2017-01-23 09:33:03,280 INFO [org.hibernate.hql.internal.ast.ASTQueryTranslatorFactory] - <HHH000397: Using ASTQueryTranslatorFactory>
2017-01-23 09:33:03,323 INFO [org.hibernate.validator.internal.util.Version] - <HV000001: Hibernate Validator 4.3.0.Final>
2017-01-23 09:33:03,968 INFO [com.alibaba.druid.pool.DruidDataSource] - <{dataSource-2} inited>
2017-01-23 09:33:03,984 INFO [com.cqliving.framework.common.dao.jpa.FrameworkEntityManagerFactoryBean] - <Building JPA container EntityManagerFactory for persistence unit 'default'>
2017-01-23 09:33:03,985 INFO [org.hibernate.ejb.Ejb3Configuration] - <HHH000204: Processing PersistenceUnitInfo [
	name: default
	...]>
2017-01-23 09:33:04,001 INFO [org.hibernate.service.jdbc.connections.internal.ConnectionProviderInitiator] - <HHH000130: Instantiating explicit connection provider: org.hibernate.ejb.connection.InjectedDataSourceConnectionProvider>
2017-01-23 09:33:04,003 INFO [org.hibernate.dialect.Dialect] - <HHH000400: Using dialect: org.hibernate.dialect.MySQL5InnoDBDialect>
2017-01-23 09:33:04,004 INFO [org.hibernate.engine.transaction.internal.TransactionFactoryInitiator] - <HHH000268: Transaction strategy: org.hibernate.engine.transaction.internal.jdbc.JdbcTransactionFactory>
2017-01-23 09:33:04,004 INFO [org.hibernate.hql.internal.ast.ASTQueryTranslatorFactory] - <HHH000397: Using ASTQueryTranslatorFactory>
2017-01-23 09:33:04,059 WARN [org.hibernate.ejb.internal.EntityManagerFactoryRegistry] - <HHH000436: Entity manager factory name (default) is already registered.  If entity manager will be clustered or passivated, specify a unique value for property 'hibernate.ejb.entitymanager_factory_name'>
2017-01-23 09:33:04,101 INFO [com.alibaba.druid.pool.DruidDataSource] - <{dataSource-3} inited>
2017-01-23 09:33:04,273 INFO [com.cqliving.framework.common.dao.jpa.FrameworkEntityManagerFactoryBean] - <Building JPA container EntityManagerFactory for persistence unit 'default'>
2017-01-23 09:33:04,274 INFO [org.hibernate.ejb.Ejb3Configuration] - <HHH000204: Processing PersistenceUnitInfo [
	name: default
	...]>
2017-01-23 09:33:04,781 INFO [org.hibernate.service.jdbc.connections.internal.ConnectionProviderInitiator] - <HHH000130: Instantiating explicit connection provider: org.hibernate.ejb.connection.InjectedDataSourceConnectionProvider>
2017-01-23 09:33:04,788 INFO [org.hibernate.dialect.Dialect] - <HHH000400: Using dialect: org.hibernate.dialect.MySQL5InnoDBDialect>
2017-01-23 09:33:04,789 INFO [org.hibernate.engine.transaction.internal.TransactionFactoryInitiator] - <HHH000268: Transaction strategy: org.hibernate.engine.transaction.internal.jdbc.JdbcTransactionFactory>
2017-01-23 09:33:04,789 INFO [org.hibernate.hql.internal.ast.ASTQueryTranslatorFactory] - <HHH000397: Using ASTQueryTranslatorFactory>
2017-01-23 09:33:05,811 WARN [org.hibernate.ejb.internal.EntityManagerFactoryRegistry] - <HHH000436: Entity manager factory name (default) is already registered.  If entity manager will be clustered or passivated, specify a unique value for property 'hibernate.ejb.entitymanager_factory_name'>
2017-01-23 09:33:05,822 INFO [org.springframework.beans.factory.config.PropertiesFactoryBean] - <Loading properties file from URL [file:/Users/xiaofengfu/Documents/workspace/cqliving-cloud-web/target/classes/application.development.properties]>
2017-01-23 09:33:06,732 INFO [com.cqliving.basic.service.impl.BasicServiceImpl] - <BasicServiceImpl--->启动加载公用字典数据>
2017-01-23 09:33:06,736 DEBUG [com.cqliving.framework.common.dao.jdbc.PagedJdbcTemplate] - <Executing SQL query [ select kkey k,dev  v from ol_properties]>
2017-01-23 09:33:09,213 INFO [org.springframework.web.context.ContextLoader] - <Root WebApplicationContext: initialization completed in 26082 ms>
2017-01-23 09:33:09,305 INFO [org.springframework.web.servlet.DispatcherServlet] - <FrameworkServlet 'springServlet': initialization started>
2017-01-23 09:33:09,307 INFO [org.springframework.web.context.support.XmlWebApplicationContext] - <Refreshing WebApplicationContext for namespace 'springServlet-servlet': startup date [Mon Jan 23 09:33:09 CST 2017]; parent: Root WebApplicationContext>
2017-01-23 09:33:09,307 INFO [org.springframework.beans.factory.xml.XmlBeanDefinitionReader] - <Loading XML bean definitions from class path resource [spring/applicationContext-servlet.xml]>
2017-01-23 09:33:09,486 INFO [org.springframework.context.support.PropertySourcesPlaceholderConfigurer] - <Loading properties file from class path resource [application.development.properties]>
2017-01-23 09:34:44,784 INFO [org.springframework.web.servlet.handler.SimpleUrlHandlerMapping] - <Mapped URL path [/**] onto handler 'org.springframework.web.servlet.resource.DefaultServletHttpRequestHandler#0'>
2017-01-23 09:34:44,856 INFO [org.springframework.web.servlet.handler.SimpleUrlHandlerMapping] - <Root mapping to handler of type [class org.springframework.web.servlet.mvc.ParameterizableViewController]>
2017-01-23 09:34:45,655 INFO [org.springframework.web.servlet.mvc.method.annotation.RequestMappingHandlerAdapter] - <Looking for @ControllerAdvice: WebApplicationContext for namespace 'springServlet-servlet': startup date [Mon Jan 23 09:33:09 CST 2017]; parent: Root WebApplicationContext>
2017-01-23 09:34:45,725 INFO [org.springframework.web.servlet.mvc.method.annotation.RequestMappingHandlerAdapter] - <Looking for @ControllerAdvice: WebApplicationContext for namespace 'springServlet-servlet': startup date [Mon Jan 23 09:33:09 CST 2017]; parent: Root WebApplicationContext>
2017-01-23 09:34:45,882 INFO [org.springframework.web.servlet.DispatcherServlet] - <FrameworkServlet 'springServlet': initialization completed in 96577 ms>
2017-01-23 09:36:33,664 DEBUG [com.cqliving.framework.common.dao.jdbc.v2.MysqlPagedJdbcTemplateV2] - <Executing prepared SQL query>
2017-01-23 09:36:33,667 DEBUG [com.cqliving.framework.common.dao.jdbc.v2.MysqlPagedJdbcTemplateV2] - <Executing prepared SQL statement [select i.add_type,ic.hlw_old_guid,ic.app_id,i.classify_id,i.content,i.content_text,i.content_url,i.context_type,i.create_time,i.info_label,i.ID,i.info_source,i.init_count,i.keywords,i.multiple_img_count,i.pl_view_type,i.praise_count,i.reply_count,i.synopsis,i.top_time,i.type,i.validate_type,i.video_status,ic.id info_classify_id,ic.title,ic.status,ic.online_time,icl.image_url list_view_img,i.view_count ,ic.reply_count classify_reply_count from info_classify ic inner join information i on ic.information_id = i.ID  left join info_classify_list icl  ON icl.classify_id = ic.ID  where  ic.id=? ]>
2017-01-23 09:36:33,893 DEBUG [com.cqliving.framework.common.dao.jdbc.v2.MysqlPagedJdbcTemplateV2] - <Executing prepared SQL query>
2017-01-23 09:36:33,893 DEBUG [com.cqliving.framework.common.dao.jdbc.v2.MysqlPagedJdbcTemplateV2] - <Executing prepared SQL statement [SELECT  COUNT(1)  FROM INFO_CLASSIFY IC INNER JOIN INFORMATION INFO ON IC.INFORMATION_ID = INFO.ID LEFT JOIN INFO_CORRELATION ICR ON  IC.ID = ICR.REF_INFO_CLASSIFY_ID  WHERE ICR.INFO_CLASSIFY_ID = ? ]>
2017-01-23 09:36:33,922 DEBUG [com.cqliving.log.aop.BaseLogControllerAdvice] - <execTime:14076ms;(com.cqliving.cloud.web.controller.InformationController.infoDetail)>
2017-01-23 09:36:33,937 INFO [com.cqliving.log.thread.ThreadPoolFactory] - <初始化线程池,数量为1>
2017-01-23 09:52:36,582 DEBUG [com.cqliving.framework.common.dao.jdbc.v2.MysqlPagedJdbcTemplateV2] - <Executing prepared SQL query>
2017-01-23 09:52:36,583 DEBUG [com.cqliving.framework.common.dao.jdbc.v2.MysqlPagedJdbcTemplateV2] - <Executing prepared SQL statement [select i.add_type,ic.hlw_old_guid,ic.app_id,i.classify_id,i.content,i.content_text,i.content_url,i.context_type,i.create_time,i.info_label,i.ID,i.info_source,i.init_count,i.keywords,i.multiple_img_count,i.pl_view_type,i.praise_count,i.reply_count,i.synopsis,i.top_time,i.type,i.validate_type,i.video_status,ic.id info_classify_id,ic.title,ic.status,ic.online_time,icl.image_url list_view_img,i.view_count ,ic.reply_count classify_reply_count from info_classify ic inner join information i on ic.information_id = i.ID  left join info_classify_list icl  ON icl.classify_id = ic.ID  where  ic.id=? ]>
2017-01-23 09:52:36,603 DEBUG [com.cqliving.framework.common.dao.jdbc.v2.MysqlPagedJdbcTemplateV2] - <Executing prepared SQL query>
2017-01-23 09:52:36,603 DEBUG [com.cqliving.framework.common.dao.jdbc.v2.MysqlPagedJdbcTemplateV2] - <Executing prepared SQL statement [SELECT  COUNT(1)  FROM INFO_CLASSIFY IC INNER JOIN INFORMATION INFO ON IC.INFORMATION_ID = INFO.ID LEFT JOIN INFO_CORRELATION ICR ON  IC.ID = ICR.REF_INFO_CLASSIFY_ID  WHERE ICR.INFO_CLASSIFY_ID = ? ]>
2017-01-23 09:52:36,614 DEBUG [com.cqliving.log.aop.BaseLogControllerAdvice] - <execTime:36ms;(com.cqliving.cloud.web.controller.InformationController.infoDetail)>
2017-01-23 09:57:19,622 DEBUG [com.cqliving.framework.common.dao.jdbc.v2.MysqlPagedJdbcTemplateV2] - <Executing prepared SQL query>
2017-01-23 09:57:19,622 DEBUG [com.cqliving.framework.common.dao.jdbc.v2.MysqlPagedJdbcTemplateV2] - <Executing prepared SQL statement [SELECT  COUNT(1)  FROM INFO_CLASSIFY IC INNER JOIN INFORMATION INFO ON IC.INFORMATION_ID = INFO.ID LEFT JOIN INFO_CORRELATION ICR ON  IC.ID = ICR.REF_INFO_CLASSIFY_ID  WHERE ICR.INFO_CLASSIFY_ID = ? ]>
2017-01-23 09:57:19,633 DEBUG [com.cqliving.log.aop.BaseLogControllerAdvice] - <execTime:72ms;(com.cqliving.cloud.web.controller.InformationController.infoDetail)>
2017-01-23 09:57:25,458 DEBUG [com.cqliving.framework.common.dao.jdbc.v2.MysqlPagedJdbcTemplateV2] - <Executing prepared SQL query>
2017-01-23 09:57:25,462 DEBUG [com.cqliving.framework.common.dao.jdbc.v2.MysqlPagedJdbcTemplateV2] - <Executing prepared SQL statement [SELECT  COUNT(1)  FROM INFO_CLASSIFY IC INNER JOIN INFORMATION INFO ON IC.INFORMATION_ID = INFO.ID LEFT JOIN INFO_CORRELATION ICR ON  IC.ID = ICR.REF_INFO_CLASSIFY_ID  WHERE ICR.INFO_CLASSIFY_ID = ? ]>
2017-01-23 09:57:25,472 DEBUG [com.cqliving.log.aop.BaseLogControllerAdvice] - <execTime:26ms;(com.cqliving.cloud.web.controller.InformationController.infoDetail)>
